2025-05-06 11:31:29.568 [info] Extension host with pid 389202 started
2025-05-06 11:31:29.619 [info] ExtensionService#_doActivateExtension vscode.git-base, startup: true, activationEvent: '*', root cause: vscode.git
2025-05-06 11:31:29.642 [info] ExtensionService#_doActivateExtension vscode.git, startup: true, activationEvent: '*'
2025-05-06 11:31:29.791 [info] ExtensionService#_doActivateExtension vscode.github, startup: true, activationEvent: '*'
2025-05-06 11:31:29.889 [info] Eager extensions activated
2025-05-06 11:31:30.022 [info] ExtensionService#_doActivateExtension vscode.debug-auto-launch, startup: false, activationEvent: 'onStartupFinished'
2025-05-06 11:31:30.027 [info] ExtensionService#_doActivateExtension vscode.merge-conflict, startup: false, activationEvent: 'onStartupFinished'
2025-05-06 11:31:53.670 [info] Extension host terminating: renderer closed the MessagePort
2025-05-06 11:31:53.702 [info] Extension host with pid 389202 exiting with code 0
2025-05-06 11:31:55.577 [info] Extension host with pid 389391 started
2025-05-06 11:31:55.577 [info] Skipping acquiring lock for /home/colin/.config/VSCodium/User/workspaceStorage/399e7b07ed55c3dac216e81f8b78240a.
2025-05-06 11:31:55.626 [info] ExtensionService#_doActivateExtension vscode.git-base, startup: true, activationEvent: '*'
2025-05-06 11:31:55.634 [info] ExtensionService#_doActivateExtension vscode.github, startup: true, activationEvent: '*'
2025-05-06 11:31:55.686 [info] Eager extensions activated
2025-05-06 11:31:55.688 [info] ExtensionService#_doActivateExtension vscode.debug-auto-launch, startup: false, activationEvent: 'onStartupFinished'
2025-05-06 11:31:55.693 [info] ExtensionService#_doActivateExtension vscode.merge-conflict, startup: false, activationEvent: 'onStartupFinished'
2025-05-06 11:32:05.119 [info] ExtensionService#_doActivateExtension vscode.git, startup: false, activationEvent: 'api', root cause: vscode.github
2025-05-06 11:32:05.419 [info] ExtensionService#_doActivateExtension vscode.emmet, startup: false, activationEvent: 'onLanguage'
2025-05-06 11:32:05.533 [info] ExtensionService#_doActivateExtension vscode.github-authentication, startup: false, activationEvent: 'onAuthenticationRequest:github'
2025-05-06 11:32:10.680 [info] ExtensionService#_doActivateExtension vscode.configuration-editing, startup: false, activationEvent: 'onLanguage:json'
2025-05-06 11:32:10.692 [info] ExtensionService#_doActivateExtension vscode.extension-editing, startup: false, activationEvent: 'onLanguage:json'
2025-05-06 11:32:10.722 [info] ExtensionService#_doActivateExtension vscode.json-language-features, startup: false, activationEvent: 'onLanguage:json'
2025-05-06 11:32:10.860 [info] ExtensionService#_doActivateExtension vscode.npm, startup: false, activationEvent: 'onLanguage:json'
