2025-05-06 11:31:29.893 [info] [main] Log level: Info
2025-05-06 11:31:29.893 [info] [main] Validating found git in: "git"
2025-05-06 11:31:29.893 [info] [main] Using git "2.49.0" from "git"
2025-05-06 11:31:29.893 [info] [Model][doInitialScan] Initial repository scan started
2025-05-06 11:31:29.893 [info] [Model][doInitialScan] Initial repository scan completed - repositories (0), closed repositories (0), parent repositories (0), unsafe repositories (0)
2025-05-06 11:32:05.340 [info] [main] Log level: Info
2025-05-06 11:32:05.340 [info] [main] Validating found git in: "git"
2025-05-06 11:32:05.340 [info] [main] Using git "2.49.0" from "git"
2025-05-06 11:32:05.340 [info] [Model][doInitialScan] Initial repository scan started
2025-05-06 11:32:05.340 [info] > git rev-parse --show-toplevel [12ms]
2025-05-06 11:32:05.351 [info] > git rev-parse --git-dir --git-common-dir [3ms]
2025-05-06 11:32:05.372 [info] [Model][openRepository] Opened repository: /home/colin
2025-05-06 11:32:05.391 [info] > git config --get commit.template [8ms]
2025-05-06 11:32:05.402 [info] > git for-each-ref --format=%(refname)%00%(upstream:short)%00%(objectname)%00%(upstream:track)%00%(upstream:remotename)%00%(upstream:remoteref) refs/heads/master refs/remotes/master [2ms]
2025-05-06 11:32:05.448 [info] > git status -z -uall [40ms]
2025-05-06 11:32:05.448 [info] > git for-each-ref --sort -committerdate --format %(refname)%00%(objectname)%00%(*objectname) [31ms]
2025-05-06 11:32:05.513 [info] > git for-each-ref --format=%(refname)%00%(upstream:short)%00%(objectname)%00%(upstream:track)%00%(upstream:remotename)%00%(upstream:remoteref) refs/heads/master refs/remotes/master [33ms]
2025-05-06 11:32:05.525 [info] > git config --get --local branch.master.vscode-merge-base [5ms]
2025-05-06 11:32:05.525 [warning] [Git][config] git config failed: Failed to execute git
2025-05-06 11:32:05.532 [info] > git config --get commit.template [20ms]
2025-05-06 11:32:05.575 [info] > git reflog master --grep-reflog=branch: Created from *. [44ms]
2025-05-06 11:32:05.591 [info] > git symbolic-ref --short refs/remotes/origin/HEAD [10ms]
2025-05-06 11:32:05.591 [info] fatal: ref refs/remotes/origin/HEAD is not a symbolic ref
2025-05-06 11:32:05.591 [warning] [Repository][getDefaultBranch] Failed to get default branch details: Failed to execute git.
2025-05-06 11:32:05.594 [info] > git for-each-ref --format=%(refname)%00%(upstream:short)%00%(objectname)%00%(upstream:track)%00%(upstream:remotename)%00%(upstream:remoteref) refs/heads/master refs/remotes/master [4ms]
2025-05-06 11:32:05.611 [info] > git status -z -uall [10ms]
2025-05-06 11:32:05.611 [info] > git for-each-ref --sort -committerdate --format %(refname)%00%(objectname)%00%(*objectname) [4ms]
2025-05-06 11:32:05.631 [info] > git rev-parse --show-toplevel [1ms]
2025-05-06 11:32:05.639 [info] > git rev-parse --show-toplevel [1ms]
2025-05-06 11:32:05.648 [info] > git rev-parse --show-toplevel [2ms]
2025-05-06 11:32:05.655 [info] > git rev-parse --show-toplevel [1ms]
2025-05-06 11:32:05.662 [info] > git rev-parse --show-toplevel [2ms]
2025-05-06 11:32:05.670 [info] > git rev-parse --show-toplevel [2ms]
2025-05-06 11:32:05.678 [info] > git rev-parse --show-toplevel [2ms]
2025-05-06 11:32:05.685 [info] > git rev-parse --show-toplevel [1ms]
2025-05-06 11:32:05.693 [info] > git rev-parse --show-toplevel [2ms]
2025-05-06 11:32:05.701 [info] > git rev-parse --show-toplevel [2ms]
2025-05-06 11:32:05.708 [info] > git rev-parse --show-toplevel [2ms]
2025-05-06 11:32:05.715 [info] > git rev-parse --show-toplevel [2ms]
2025-05-06 11:32:05.722 [info] > git rev-parse --show-toplevel [2ms]
2025-05-06 11:32:05.729 [info] > git rev-parse --show-toplevel [2ms]
2025-05-06 11:32:05.738 [info] > git rev-parse --show-toplevel [2ms]
2025-05-06 11:32:05.747 [info] > git rev-parse --show-toplevel [2ms]
2025-05-06 11:32:05.758 [info] > git rev-parse --show-toplevel [2ms]
2025-05-06 11:32:05.769 [info] > git rev-parse --show-toplevel [3ms]
2025-05-06 11:32:05.779 [info] > git rev-parse --show-toplevel [3ms]
2025-05-06 11:32:05.790 [info] > git rev-parse --show-toplevel [2ms]
2025-05-06 11:32:05.801 [info] > git rev-parse --show-toplevel [3ms]
2025-05-06 11:32:05.811 [info] > git rev-parse --show-toplevel [3ms]
2025-05-06 11:32:05.821 [info] > git rev-parse --show-toplevel [2ms]
2025-05-06 11:32:05.831 [info] > git rev-parse --show-toplevel [2ms]
2025-05-06 11:32:05.842 [info] > git rev-parse --show-toplevel [2ms]
2025-05-06 11:32:05.851 [info] > git rev-parse --show-toplevel [2ms]
2025-05-06 11:32:05.926 [info] > git check-ignore -v -z --stdin [2ms]
2025-05-06 11:32:05.927 [info] > git rev-parse --show-toplevel [71ms]
2025-05-06 11:32:05.934 [info] > git rev-parse --git-dir --git-common-dir [2ms]
2025-05-06 11:32:05.939 [info] [Model][openRepository] Opened repository: /home/colin/HyprPanel
2025-05-06 11:32:05.953 [info] > git rev-parse --show-toplevel [2ms]
2025-05-06 11:32:05.953 [info] > git config --get commit.template [8ms]
2025-05-06 11:32:05.968 [info] > git rev-parse --show-toplevel [8ms]
2025-05-06 11:32:05.974 [info] > git for-each-ref --format=%(refname)%00%(upstream:short)%00%(objectname)%00%(upstream:track)%00%(upstream:remotename)%00%(upstream:remoteref) refs/heads/master refs/remotes/master [7ms]
2025-05-06 11:32:05.980 [warning] [Git][revParse] Unable to read file: ENOENT: no such file or directory, open '/home/colin/HyprPanel/.git/refs/remotes/origin/master'
2025-05-06 11:32:05.980 [info] > git rev-parse --show-toplevel [6ms]
2025-05-06 11:32:05.986 [info] > git rev-parse refs/remotes/origin/master [6ms]
2025-05-06 11:32:05.998 [info] > git rev-parse --show-toplevel [12ms]
2025-05-06 11:32:06.005 [info] > git for-each-ref --sort -committerdate --format %(refname)%00%(objectname)%00%(*objectname) [7ms]
2025-05-06 11:32:06.006 [info] > git rev-parse --show-toplevel [2ms]
2025-05-06 11:32:06.014 [info] > git rev-parse --show-toplevel [3ms]
2025-05-06 11:32:06.021 [info] > git rev-parse --show-toplevel [1ms]
2025-05-06 11:32:06.028 [info] > git rev-parse --show-toplevel [2ms]
2025-05-06 11:32:06.037 [info] > git rev-parse --show-toplevel [2ms]
2025-05-06 11:32:06.045 [info] > git rev-parse --git-dir --git-common-dir [2ms]
2025-05-06 11:32:06.052 [info] [Model][openRepository] Opened repository: /home/colin/snapd
2025-05-06 11:32:06.068 [info] > git config --get commit.template [9ms]
2025-05-06 11:32:06.122 [info] > git rev-parse --show-toplevel [56ms]
2025-05-06 11:32:06.129 [info] > git rev-parse --git-dir --git-common-dir [1ms]
2025-05-06 11:32:06.135 [info] [Model][openRepository] Opened repository: /home/colin/yay
2025-05-06 11:32:06.136 [info] [Model][doInitialScan] Initial repository scan completed - repositories (4), closed repositories (0), parent repositories (0), unsafe repositories (0)
2025-05-06 11:32:06.144 [info] > git config --get commit.template [3ms]
2025-05-06 11:32:06.281 [info] > git for-each-ref --format=%(refname)%00%(upstream:short)%00%(objectname)%00%(upstream:track)%00%(upstream:remotename)%00%(upstream:remoteref) refs/heads/master refs/remotes/master [204ms]
2025-05-06 11:32:06.281 [info] > git for-each-ref --format=%(refname)%00%(upstream:short)%00%(objectname)%00%(upstream:track)%00%(upstream:remotename)%00%(upstream:remoteref) refs/heads/master refs/remotes/master [131ms]
2025-05-06 11:32:06.287 [warning] [Git][revParse] Unable to read file: ENOENT: no such file or directory, open '/home/colin/snapd/.git/refs/remotes/origin/master'
2025-05-06 11:32:06.293 [warning] [Git][revParse] Unable to read file: ENOENT: no such file or directory, open '/home/colin/yay/.git/refs/remotes/origin/master'
2025-05-06 11:32:06.293 [info] > git rev-parse refs/remotes/origin/master [6ms]
2025-05-06 11:32:06.307 [info] > git status -z -uall [8ms]
2025-05-06 11:32:06.307 [info] > git rev-parse refs/remotes/origin/master [14ms]
2025-05-06 11:32:06.321 [info] > git status -z -uall [329ms]
2025-05-06 11:32:06.321 [info] > git status -z -uall [9ms]
2025-05-06 11:32:06.334 [info] > git for-each-ref --sort -committerdate --format %(refname)%00%(objectname)%00%(*objectname) [28ms]
2025-05-06 11:32:06.359 [info] > git for-each-ref --format=%(refname)%00%(upstream:short)%00%(objectname)%00%(upstream:track)%00%(upstream:remotename)%00%(upstream:remoteref) refs/heads/master refs/remotes/master [15ms]
2025-05-06 11:32:06.365 [info] > git for-each-ref --format=%(refname)%00%(upstream:short)%00%(objectname)%00%(upstream:track)%00%(upstream:remotename)%00%(upstream:remoteref) refs/heads/master refs/remotes/master [33ms]
2025-05-06 11:32:06.371 [info] > git for-each-ref --sort -committerdate --format %(refname)%00%(objectname)%00%(*objectname) [52ms]
2025-05-06 11:32:06.393 [info] > git for-each-ref --format=%(refname)%00%(upstream:short)%00%(objectname)%00%(upstream:track)%00%(upstream:remotename)%00%(upstream:remoteref) refs/heads/master refs/remotes/master [13ms]
2025-05-06 11:32:06.399 [info] > git config --get --local branch.master.vscode-merge-base [29ms]
2025-05-06 11:32:06.399 [warning] [Git][config] git config failed: Failed to execute git
2025-05-06 11:32:06.405 [info] > git config --get --local branch.master.vscode-merge-base [40ms]
2025-05-06 11:32:06.405 [warning] [Git][config] git config failed: Failed to execute git
2025-05-06 11:32:06.411 [info] > git config --get commit.template [52ms]
2025-05-06 11:32:06.411 [info] > git config --get commit.template [59ms]
2025-05-06 11:32:06.415 [info] > git reflog master --grep-reflog=branch: Created from *. [11ms]
2025-05-06 11:32:06.421 [info] > git config --get --local branch.master.vscode-merge-base [22ms]
2025-05-06 11:32:06.421 [warning] [Git][config] git config failed: Failed to execute git
2025-05-06 11:32:06.427 [info] > git config --get commit.template [37ms]
2025-05-06 11:32:06.439 [info] > git symbolic-ref --short refs/remotes/origin/HEAD [18ms]
2025-05-06 11:32:06.444 [info] > git reflog master --grep-reflog=branch: Created from *. [34ms]
2025-05-06 11:32:06.456 [info] > git for-each-ref --format=%(refname)%00%(upstream:short)%00%(objectname)%00%(upstream:track)%00%(upstream:remotename)%00%(upstream:remoteref) refs/heads/origin/master refs/remotes/origin/master [12ms]
2025-05-06 11:32:06.462 [info] > git for-each-ref --format=%(refname)%00%(upstream:short)%00%(objectname)%00%(upstream:track)%00%(upstream:remotename)%00%(upstream:remoteref) refs/heads/master refs/remotes/master [24ms]
2025-05-06 11:32:06.462 [info] > git for-each-ref --format=%(refname)%00%(upstream:short)%00%(objectname)%00%(upstream:track)%00%(upstream:remotename)%00%(upstream:remoteref) refs/heads/master refs/remotes/master [29ms]
2025-05-06 11:32:06.463 [info] > git reflog master --grep-reflog=branch: Created from *. [35ms]
2025-05-06 11:32:06.479 [warning] [Git][revParse] Unable to read file: ENOENT: no such file or directory, open '/home/colin/snapd/.git/refs/remotes/origin/master'
2025-05-06 11:32:06.485 [warning] [Git][revParse] Unable to read file: ENOENT: no such file or directory, open '/home/colin/HyprPanel/.git/refs/remotes/origin/master'
2025-05-06 11:32:06.486 [info] > git check-ignore -v -z --stdin [11ms]
2025-05-06 11:32:06.486 [info] > git symbolic-ref --short refs/remotes/origin/HEAD [18ms]
2025-05-06 11:32:06.492 [info] > git config --add --local branch.master.vscode-merge-base origin/master [30ms]
2025-05-06 11:32:06.492 [info] > git for-each-ref --format=%(refname)%00%(upstream:short)%00%(objectname)%00%(upstream:track)%00%(upstream:remotename)%00%(upstream:remoteref) refs/heads/master refs/remotes/master [37ms]
2025-05-06 11:32:06.492 [info] > git symbolic-ref --short refs/remotes/origin/HEAD [43ms]
2025-05-06 11:32:06.509 [warning] [Git][revParse] Unable to read file: ENOENT: no such file or directory, open '/home/colin/yay/.git/refs/remotes/origin/master'
2025-05-06 11:32:06.510 [info] > git for-each-ref --format=%(refname)%00%(upstream:short)%00%(objectname)%00%(upstream:track)%00%(upstream:remotename)%00%(upstream:remoteref) refs/heads/origin/master refs/remotes/origin/master [19ms]
2025-05-06 11:32:06.515 [info] > git rev-parse refs/remotes/origin/master [30ms]
2025-05-06 11:32:06.524 [info] > git rev-parse refs/remotes/origin/master [45ms]
2025-05-06 11:32:06.537 [info] > git status -z -uall [6ms]
2025-05-06 11:32:06.537 [info] > git for-each-ref --format=%(refname)%00%(upstream:short)%00%(objectname)%00%(upstream:track)%00%(upstream:remotename)%00%(upstream:remoteref) refs/heads/master refs/remotes/master [14ms]
2025-05-06 11:32:06.543 [info] > git rev-parse refs/remotes/origin/master [34ms]
2025-05-06 11:32:06.554 [info] > git config --get commit.template [51ms]
2025-05-06 11:32:06.554 [info] > git for-each-ref --format=%(refname)%00%(upstream:short)%00%(objectname)%00%(upstream:track)%00%(upstream:remotename)%00%(upstream:remoteref) refs/heads/origin/master refs/remotes/origin/master [57ms]
2025-05-06 11:32:06.561 [info] > git status -z -uall [13ms]
2025-05-06 11:32:06.561 [info] > git for-each-ref --sort -committerdate --format %(refname)%00%(objectname)%00%(*objectname) [7ms]
2025-05-06 11:32:06.573 [info] > git config --get --local branch.master.vscode-merge-base [31ms]
2025-05-06 11:32:06.585 [info] > git config --add --local branch.master.vscode-merge-base origin/master [69ms]
2025-05-06 11:32:06.586 [info] > git for-each-ref --sort -committerdate --format %(refname)%00%(objectname)%00%(*objectname) [50ms]
2025-05-06 11:32:06.622 [info] > git for-each-ref --format=%(refname)%00%(upstream:short)%00%(objectname)%00%(upstream:track)%00%(upstream:remotename)%00%(upstream:remoteref) refs/heads/master refs/remotes/master [23ms]
2025-05-06 11:32:06.629 [info] > git for-each-ref --format=%(refname)%00%(upstream:short)%00%(objectname)%00%(upstream:track)%00%(upstream:remotename)%00%(upstream:remoteref) refs/heads/origin/master refs/remotes/origin/master [45ms]
2025-05-06 11:32:06.635 [info] > git for-each-ref --format=%(refname)%00%(upstream:short)%00%(objectname)%00%(upstream:track)%00%(upstream:remotename)%00%(upstream:remoteref) refs/heads/master refs/remotes/master [63ms]
2025-05-06 11:32:06.641 [info] > git config --add --local branch.master.vscode-merge-base origin/master [82ms]
2025-05-06 11:32:06.648 [info] > git merge-base refs/heads/master refs/remotes/origin/master [13ms]
2025-05-06 11:32:06.654 [info] > git config --get --local branch.master.vscode-merge-base [26ms]
2025-05-06 11:32:06.659 [info] > git config --get commit.template [39ms]
2025-05-06 11:32:06.659 [info] > git for-each-ref --format=%(refname)%00%(upstream:short)%00%(objectname)%00%(upstream:track)%00%(upstream:remotename)%00%(upstream:remoteref) refs/heads/master refs/remotes/master [48ms]
2025-05-06 11:32:06.665 [warning] [Git][revParse] Unable to read file: ENOENT: no such file or directory, open '/home/colin/HyprPanel/.git/refs/remotes/origin/master'
2025-05-06 11:32:06.666 [info] > git diff --name-status -z --diff-filter=ADMR 0c82ce9704c8063be8d8f60443071c91943eb68c...refs/remotes/origin/master [13ms]
2025-05-06 11:32:06.667 [info] > git config --get commit.template [20ms]
2025-05-06 11:32:06.667 [info] > git config --get --local branch.master.vscode-merge-base [27ms]
2025-05-06 11:32:06.679 [info] > git rev-parse refs/remotes/origin/master [14ms]
2025-05-06 11:32:06.690 [info] > git for-each-ref --format=%(refname)%00%(upstream:short)%00%(objectname)%00%(upstream:track)%00%(upstream:remotename)%00%(upstream:remoteref) refs/heads/origin/master refs/remotes/origin/master [31ms]
2025-05-06 11:32:06.703 [info] > git for-each-ref --sort -committerdate --format %(refname)%00%(objectname)%00%(*objectname) [13ms]
2025-05-06 11:32:06.704 [info] > git for-each-ref --format=%(refname)%00%(upstream:short)%00%(objectname)%00%(upstream:track)%00%(upstream:remotename)%00%(upstream:remoteref) refs/heads/master refs/remotes/master [26ms]
2025-05-06 11:32:06.704 [info] > git for-each-ref --format=%(refname)%00%(upstream:short)%00%(objectname)%00%(upstream:track)%00%(upstream:remotename)%00%(upstream:remoteref) refs/heads/origin/master refs/remotes/origin/master [31ms]
2025-05-06 11:32:06.716 [warning] [Git][revParse] Unable to read file: ENOENT: no such file or directory, open '/home/colin/yay/.git/refs/remotes/origin/master'
2025-05-06 11:32:06.719 [info] > git status -z -uall [34ms]
2025-05-06 11:32:06.719 [info] > git for-each-ref --format=%(refname)%00%(upstream:short)%00%(objectname)%00%(upstream:track)%00%(upstream:remotename)%00%(upstream:remoteref) refs/heads/master refs/remotes/master [16ms]
2025-05-06 11:32:06.723 [info] > git merge-base refs/heads/master refs/remotes/origin/master [27ms]
2025-05-06 11:32:06.735 [warning] [Git][revParse] Unable to read file: ENOENT: no such file or directory, open '/home/colin/snapd/.git/refs/remotes/origin/master'
2025-05-06 11:32:06.735 [info] > git rev-parse refs/remotes/origin/master [19ms]
2025-05-06 11:32:06.746 [info] > git merge-base refs/heads/master refs/remotes/origin/master [36ms]
2025-05-06 11:32:06.755 [info] > git status -z -uall [15ms]
2025-05-06 11:32:06.755 [info] > git for-each-ref --sort -committerdate --format %(refname)%00%(objectname)%00%(*objectname) [9ms]
2025-05-06 11:32:06.771 [info] > git rev-parse refs/remotes/origin/master [36ms]
2025-05-06 11:32:06.783 [info] > git diff --name-status -z --diff-filter=ADMR ee20508ff18e61e62048cfa819ac3b085b45090c...refs/remotes/origin/master [54ms]
2025-05-06 11:32:06.785 [info] > git status -z -uall [8ms]
2025-05-06 11:32:06.786 [info] > git merge-base refs/heads/master refs/remotes/origin/master [16ms]
2025-05-06 11:32:06.792 [info] > git merge-base refs/heads/master refs/remotes/origin/master [28ms]
2025-05-06 11:32:06.799 [info] > git diff --name-status -z --diff-filter=ADMR 59714d8ae3dc1e5790228c1faeef8283b0c0101f...refs/remotes/origin/master [46ms]
2025-05-06 11:32:06.801 [info] > git diff --name-status -z --diff-filter=ADMR 59714d8ae3dc1e5790228c1faeef8283b0c0101f...refs/remotes/origin/master [3ms]
2025-05-06 11:32:06.801 [info] > git diff --name-status -z --diff-filter=ADMR 59714d8ae3dc1e5790228c1faeef8283b0c0101f...refs/remotes/origin/master [10ms]
2025-05-06 11:32:06.802 [info] > git for-each-ref --sort -committerdate --format %(refname)%00%(objectname)%00%(*objectname) [18ms]
2025-05-06 11:32:07.221 [warning] [Model][getRepositoryExact] Failed to get repository realpath for: "/home/colin/HyprPanel/external/ags-types". Error:Error: ENOENT: no such file or directory, realpath '/home/colin/HyprPanel/external/ags-types'
2025-05-06 11:32:08.543 [info] > git check-ignore -v -z --stdin [2ms]
2025-05-06 11:32:10.048 [info] > git check-ignore -v -z --stdin [1ms]
2025-05-06 11:32:11.025 [info] > git show --textconv :.config/coc/memos.json [24ms]
2025-05-06 11:32:11.025 [info] > git ls-files --stage -- .config/coc/memos.json [17ms]
2025-05-06 11:32:11.045 [info] > git hash-object -t tree /dev/null [12ms]
2025-05-06 11:32:11.045 [warning] [GitFileSystemProvider][stat] File not found - git:/home/colin/.config/coc/memos.json.git?%7B%22path%22%3A%22%2Fhome%2Fcolin%2F.config%2Fcoc%2Fmemos.json%22%2C%22ref%22%3A%22%22%7D
2025-05-06 11:32:11.049 [info] > git hash-object -t tree /dev/null [6ms]
2025-05-06 11:32:11.049 [warning] [GitFileSystemProvider][readFile] File not found - git:/home/colin/.config/coc/memos.json.git?%7B%22path%22%3A%22%2Fhome%2Fcolin%2F.config%2Fcoc%2Fmemos.json%22%2C%22ref%22%3A%22%22%7D
2025-05-06 11:32:12.687 [info] > git check-ignore -v -z --stdin [1ms]
2025-05-06 11:32:13.915 [info] > git check-ignore -v -z --stdin [2ms]
2025-05-06 11:32:15.009 [info] > git check-ignore -v -z --stdin [5ms]
2025-05-06 11:32:15.866 [info] > git check-ignore -v -z --stdin [2ms]
2025-05-06 11:32:59.988 [info] > git for-each-ref --sort -committerdate --format %(refname)%00%(objectname)%00%(*objectname)%00%(parent)%00%(*parent)%00%(authorname)%00%(*authorname)%00%(committerdate:unix)%00%(*committerdate:unix)%00%(subject)%00%(*subject)%00%(upstream:track) [3ms]
2025-05-06 11:33:02.352 [info] > git for-each-ref --sort -committerdate --format %(refname)%00%(objectname)%00%(*objectname)%00%(parent)%00%(*parent)%00%(authorname)%00%(*authorname)%00%(committerdate:unix)%00%(*committerdate:unix)%00%(subject)%00%(*subject)%00%(upstream:track) [2ms]
2025-05-06 11:33:10.130 [info] > git for-each-ref --format %(refname:short)%00%(upstream:short) refs/heads [2ms]
2025-05-06 11:33:10.152 [info] > git checkout -q --track origin/master [3ms]
2025-05-06 11:33:10.152 [info] fatal: a branch named 'master' already exists
2025-05-06 11:33:10.180 [info] > git config --get commit.template [14ms]
2025-05-06 11:33:10.181 [info] > git for-each-ref --format=%(refname)%00%(upstream:short)%00%(objectname)%00%(upstream:track)%00%(upstream:remotename)%00%(upstream:remoteref) refs/heads/master refs/remotes/master [2ms]
2025-05-06 11:33:10.207 [info] > git status -z -uall [14ms]
2025-05-06 11:33:10.208 [info] > git for-each-ref --sort -committerdate --format %(refname)%00%(objectname)%00%(*objectname) [2ms]
2025-05-06 11:33:20.132 [info] > git check-ignore -v -z --stdin [2ms]
2025-05-06 11:33:21.683 [info] > git check-ignore -v -z --stdin [2ms]
2025-05-06 11:33:23.566 [info] > git check-ignore -v -z --stdin [2ms]
2025-05-06 11:33:27.316 [info] > git check-ignore -v -z --stdin [3ms]
2025-05-06 11:33:28.219 [info] > git check-ignore -v -z --stdin [3ms]
2025-05-06 11:33:31.091 [info] > git check-ignore -v -z --stdin [3ms]
2025-05-06 11:33:42.444 [info] > git check-ignore -v -z --stdin [5ms]
2025-05-06 11:33:42.960 [info] > git check-ignore -v -z --stdin [2ms]
2025-05-06 11:33:44.661 [info] > git check-ignore -v -z --stdin [2ms]
